<?xml version="1.0" encoding="UTF-8"?>
<testng-results skipped="0" failed="0" ignored="0" total="1" passed="1">
  <reporter-output>
  </reporter-output>
  <suite name="Default suite" duration-ms="23054" started-at="2018-10-03T19:05:23Z" finished-at="2018-10-03T19:05:46Z">
    <groups>
    </groups>
    <test name="Default test" duration-ms="23054" started-at="2018-10-03T19:05:23Z" finished-at="2018-10-03T19:05:46Z">
      <class name="sanity.LoginPageTest">
        <test-method status="PASS" signature="init()[pri:0, instance:sanity.LoginPageTest@6a4f787b]" name="init" is-config="true" duration-ms="3821" started-at="2018-10-03T19:05:23Z" finished-at="2018-10-03T19:05:27Z">
          <reporter-output>
          </reporter-output>
        </test-method> <!-- init -->
        <test-method status="PASS" signature="readTestData()[pri:0, instance:sanity.LoginPageTest@6a4f787b]" name="readTestData" is-config="true" duration-ms="546" started-at="2018-10-03T19:05:27Z" finished-at="2018-10-03T19:05:28Z">
          <reporter-output>
          </reporter-output>
        </test-method> <!-- readTestData -->
        <test-method status="PASS" signature="LoginTest()[pri:0, instance:sanity.LoginPageTest@6a4f787b]" name="LoginTest" duration-ms="18415" started-at="2018-10-03T19:05:28Z" finished-at="2018-10-03T19:05:46Z">
          <reporter-output>
          </reporter-output>
        </test-method> <!-- LoginTest -->
        <test-method status="PASS" signature="destroyAll()[pri:0, instance:sanity.LoginPageTest@6a4f787b]" name="destroyAll" is-config="true" duration-ms="252" started-at="2018-10-03T19:05:46Z" finished-at="2018-10-03T19:05:46Z">
          <reporter-output>
          </reporter-output>
        </test-method> <!-- destroyAll -->
      </class> <!-- sanity.LoginPageTest -->
    </test> <!-- Default test -->
  </suite> <!-- Default suite -->
</testng-results>
