<?xml version="1.0" encoding="UTF-8"?>
<testng-results skipped="0" failed="0" ignored="0" total="2" passed="2">
  <reporter-output>
  </reporter-output>
  <suite name="Default suite" duration-ms="46994" started-at="2018-10-04T12:26:04Z" finished-at="2018-10-04T12:26:51Z">
    <groups>
    </groups>
    <test name="Default test" duration-ms="46994" started-at="2018-10-04T12:26:04Z" finished-at="2018-10-04T12:26:51Z">
      <class name="sanity.DashboardTest">
        <test-method status="PASS" signature="init()[pri:0, instance:sanity.DashboardTest@1bce4f0a]" name="init" is-config="true" duration-ms="3882" started-at="2018-10-04T12:26:04Z" finished-at="2018-10-04T12:26:08Z">
          <reporter-output>
          </reporter-output>
        </test-method> <!-- init -->
        <test-method status="PASS" signature="readTestData()[pri:0, instance:sanity.DashboardTest@1bce4f0a]" name="readTestData" is-config="true" duration-ms="509" started-at="2018-10-04T12:26:08Z" finished-at="2018-10-04T12:26:08Z">
          <reporter-output>
          </reporter-output>
        </test-method> <!-- readTestData -->
        <test-method status="PASS" signature="LoginPageTest()[pri:1, instance:sanity.DashboardTest@1bce4f0a]" name="LoginPageTest" duration-ms="18717" started-at="2018-10-04T12:26:08Z" finished-at="2018-10-04T12:26:27Z">
          <reporter-output>
          </reporter-output>
        </test-method> <!-- LoginPageTest -->
        <test-method status="PASS" signature="DashboardPageTest()[pri:2, instance:sanity.DashboardTest@1bce4f0a]" name="DashboardPageTest" duration-ms="21796" started-at="2018-10-04T12:26:27Z" finished-at="2018-10-04T12:26:49Z">
          <reporter-output>
          </reporter-output>
        </test-method> <!-- DashboardPageTest -->
        <test-method status="PASS" signature="destroyAll()[pri:0, instance:sanity.DashboardTest@1bce4f0a]" name="destroyAll" is-config="true" duration-ms="2077" started-at="2018-10-04T12:26:49Z" finished-at="2018-10-04T12:26:51Z">
          <reporter-output>
          </reporter-output>
        </test-method> <!-- destroyAll -->
      </class> <!-- sanity.DashboardTest -->
    </test> <!-- Default test -->
  </suite> <!-- Default suite -->
</testng-results>
