<?xml version="1.0" encoding="UTF-8"?>
<!-- Generated by org.testng.reporters.JUnitXMLReporter -->
<testsuite hostname="SANKET-PC" ignored="0" name="Default test" tests="3" failures="0" timestamp="05 Oct 2018 07:35:54 GMT" time="137.904" errors="0">
  <testcase name="LoginPageTest" time="18.842" classname="sanity.DashboardTest"/>
  <testcase name="dashboardRecordCountTest" time="51.389" classname="sanity.DashboardTest"/>
  <testcase name="dashboardDateOrderTest" time="66.983" classname="sanity.DashboardTest"/>
</testsuite> <!-- Default test -->
